adjoint_diff_benchmarking.py
tutorial_adaptive_circuits.py
tutorial_backprop.py
tutorial_barren_gadgets.py
tutorial_barren_plateaus.py
tutorial_chemical_reactions.py
tutorial_classical_kernels.py
tutorial_classical_shadows.py
tutorial_classically_boosted_vqe.py
tutorial_coherent_vqls.py
tutorial_data_reuploading_classifier.py
tutorial_diffable_shadows.py
tutorial_differentiable_HF.py
tutorial_doubly_stochastic.py
tutorial_error_mitigation.py
tutorial_falqon.py
tutorial_general_parshift.py
tutorial_here_comes_the_sun.py
tutorial_isingmodel_PyTorch.py
tutorial_jax_transformations.py
tutorial_kernel_based_training.py
tutorial_kernels_module.py
tutorial_learning_few_data.py
tutorial_learning_from_experiments.py
tutorial_local_cost_functions.py
tutorial_mbqc.py
tutorial_measurement_optimize.py
tutorial_ml_classical_shadows.py
tutorial_mol_geo_opt.py
tutorial_multiclass_classification.py
tutorial_qaoa_maxcut.py
tutorial_qft_arithmetics.py
tutorial_qgrnn.py
tutorial_qnn_module_tf.py
tutorial_qnn_module_torch.py
tutorial_quantum_analytic_descent.py
tutorial_quantum_circuit_cutting.py
tutorial_quantum_natural_gradient.py
tutorial_quantum_transfer_learning.py
tutorial_quanvolution.py
tutorial_qubit_rotation.py
tutorial_qubit_tapering.py
tutorial_qutrits_bernstein_vazirani.py
tutorial_rosalin.py
tutorial_rotoselect.py
tutorial_sc_qubits.py
tutorial_state_preparation.py
tutorial_testing_symmetry.py
tutorial_tn_circuits.py
tutorial_trapped_ions.py
tutorial_univariate_qvr.py
tutorial_variational_classifier.py
tutorial_vqe.py
tutorial_vqe_qng.py
tutorial_vqe_spin_sectors.py
tutorial_vqls.py
tutorial_vqt.py
